{
  "Unit Tests": {
    "coverage": {
      "/Users/mahamjaved/testproject/app/models/post.rb": {
        "lines": [
          1,
          null,
          null,
          null,
          1,
          null,
          null,
          null,
          null,
          null,
          1,
          0,
          0,
          null
        ]
      },
      "/Users/mahamjaved/testproject/app/models/application_record.rb": {
        "lines": [
          1,
          1,
          null
        ]
      },
      "/Users/mahamjaved/testproject/app/models/user.rb": {
        "lines": [
          1,
          1,
          1,
          null
        ]
      }
    },
    "timestamp": 1663741259
  },
  "RSpec": {
    "coverage": {
      "/Users/mahamjaved/testproject/app/helpers/api/vi/api_post_helper.rb": {
        "lines": [
          1,
          null
        ]
      },
      "/Users/mahamjaved/testproject/app/helpers/api/vi/api_posts_helper.rb": {
        "lines": [
          1,
          null
        ]
      },
      "/Users/mahamjaved/testproject/app/helpers/application_helper.rb": {
        "lines": [
          1,
          null
        ]
      },
      "/Users/mahamjaved/testproject/app/helpers/post_helper.rb": {
        "lines": [
          1,
          null
        ]
      },
      "/Users/mahamjaved/testproject/app/helpers/posts_helper.rb": {
        "lines": [
          1,
          null
        ]
      },
      "/Users/mahamjaved/testproject/app/helpers/sessions_helper.rb": {
        "lines": [
          1,
          null
        ]
      },
      "/Users/mahamjaved/testproject/app/helpers/users_helper.rb": {
        "lines": [
          1,
          null
        ]
      },
      "/Users/mahamjaved/testproject/spec/helpers/api/vi/api_posts_helper_spec.rb": {
        "lines": [
          1,
          null,
          null,
          null,
          null,
          null,
          null,
          null,
          null,
          null,
          null,
          null,
          null,
          null,
          null
        ]
      },
      "/Users/mahamjaved/testproject/spec/models/post_spec.rb": {
        "lines": [
          1,
          null,
          1,
          null,
          null,
          null,
          2,
          null,
          null,
          1,
          1,
          null,
          1,
          1,
          1,
          1,
          null,
          null
        ]
      },
      "/Users/mahamjaved/testproject/app/models/post.rb": {
        "lines": [
          1,
          null,
          null,
          null,
          1,
          null,
          null,
          null,
          null,
          null,
          1,
          0,
          0,
          null
        ]
      },
      "/Users/mahamjaved/testproject/app/models/application_record.rb": {
        "lines": [
          1,
          1,
          null
        ]
      },
      "/Users/mahamjaved/testproject/spec/requests/api/vi/api_post_spec.rb": {
        "lines": [
          null,
          null,
          null,
          null,
          null,
          null,
          null
        ]
      },
      "/Users/mahamjaved/testproject/spec/requests/api/vi/api_posts_spec.rb": {
        "lines": [
          null,
          null,
          null,
          null,
          null,
          null,
          null
        ]
      },
      "/Users/mahamjaved/testproject/spec/requests/posts_spec.rb": {
        "lines": [
          1,
          1,
          1,
          1,
          1,
          1,
          null,
          1,
          1,
          1,
          null,
          null,
          null,
          1,
          1,
          1,
          1,
          null,
          1,
          1,
          null,
          1,
          null,
          null,
          1,
          1,
          1,
          1,
          null,
          1,
          1,
          null,
          1,
          null,
          null,
          null,
          1,
          1,
          1,
          1,
          null,
          1,
          1,
          null,
          1,
          null,
          null,
          null
        ]
      },
      "/Users/mahamjaved/testproject/app/models/user.rb": {
        "lines": [
          1,
          1,
          1,
          null
        ]
      },
      "/Users/mahamjaved/testproject/app/controllers/posts_controller.rb": {
        "lines": [
          1,
          1,
          1,
          null,
          1,
          null,
          null,
          null,
          1,
          null,
          null,
          null,
          null,
          1,
          0,
          0,
          null,
          null,
          1,
          null,
          null,
          1,
          0,
          0,
          null,
          null,
          1,
          0,
          null,
          0,
          null,
          0,
          null,
          null,
          null,
          1,
          null,
          1,
          null,
          null,
          null,
          1,
          null,
          null,
          null,
          null,
          null,
          null,
          null,
          null,
          null,
          null,
          1,
          1,
          null,
          0,
          0,
          null,
          1,
          null,
          null,
          null,
          null,
          null,
          null,
          null,
          null,
          null,
          null,
          null,
          null,
          null,
          null,
          null,
          null,
          null,
          null,
          null,
          null,
          null,
          null,
          null,
          null,
          null,
          null,
          null,
          null,
          null,
          null,
          null,
          null,
          null,
          null,
          null,
          null,
          null,
          null,
          null,
          null,
          1,
          1,
          1,
          null,
          null,
          null,
          null,
          null,
          1,
          null,
          1,
          4,
          null,
          null,
          null,
          null,
          1,
          2,
          null,
          null
        ]
      },
      "/Users/mahamjaved/testproject/app/controllers/application_controller.rb": {
        "lines": [
          1,
          1,
          0,
          null,
          null,
          null
        ]
      }
    },
    "timestamp": 1663745368
  }
}
